\BOOKMARK [1][-]{section.1}{Peer implementation}{}% 1
\BOOKMARK [1][-]{section.2}{Theory}{}% 2
\BOOKMARK [2][-]{subsection.2.1}{TCP as a choice for tracker communication}{section.2}% 3
\BOOKMARK [2][-]{subsection.2.2}{TCP as a choice for peer communication}{section.2}% 4
\BOOKMARK [2][-]{subsection.2.3}{HTTP as a choice for tracker communication}{section.2}% 5
\BOOKMARK [2][-]{subsection.2.4}{HTTP as a choice for peer communication}{section.2}% 6
\BOOKMARK [2][-]{subsection.2.5}{Multicast and broadcast}{section.2}% 7
\BOOKMARK [2][-]{subsection.2.6}{Hidden peers}{section.2}% 8
\BOOKMARK [1][-]{section.3}{Experiments}{}% 9
\BOOKMARK [2][-]{subsection.3.1}{Kascade vs regular HTTP}{section.3}% 10
\BOOKMARK [2][-]{subsection.3.2}{Peak bandwidth}{section.3}% 11
\BOOKMARK [2][-]{subsection.3.3}{CPU usage}{section.3}% 12
\BOOKMARK [2][-]{subsection.3.4}{Blocksize and network utilization}{section.3}% 13
\BOOKMARK [1][-]{section.4}{Bottlenecks}{}% 14
\BOOKMARK [1][-]{section.5}{Conclusion}{}% 15
\BOOKMARK [1][-]{section.6}{Acknowledgements}{}% 16
\BOOKMARK [1][-]{section.1}{Code}{}% 17
\BOOKMARK [2][-]{subsection.1.1}{Main.java}{section.1}% 18
\BOOKMARK [2][-]{subsection.1.2}{Client.java}{section.1}% 19
\BOOKMARK [2][-]{subsection.1.3}{Peer.java}{section.1}% 20
\BOOKMARK [2][-]{subsection.1.4}{PeerService.java}{section.1}% 21
\BOOKMARK [2][-]{subsection.1.5}{TrackerService.java}{section.1}% 22
\BOOKMARK [2][-]{subsection.1.6}{KascadeParser.java}{section.1}% 23
\BOOKMARK [2][-]{subsection.1.7}{KascadeFile.java}{section.1}% 24
\BOOKMARK [2][-]{subsection.1.8}{PeerListener.java}{section.1}% 25
\BOOKMARK [2][-]{subsection.1.9}{PeerServlet.java}{section.1}% 26
